{"/home/administrateur/OpenClassrooms/projets/P9_billed/src/constants/routes.js": {"path":"/home/administrateur/OpenClassrooms/projets/P9_billed/src/constants/routes.js","statementMap":{"0":{"start":{"line":6,"column":27},"end":{"line":11,"column":1}},"1":{"start":{"line":13,"column":22},"end":{"line":26,"column":1}},"2":{"start":{"line":14,"column":2},"end":{"line":25,"column":3}},"3":{"start":{"line":16,"column":6},"end":{"line":16,"column":46}},"4":{"start":{"line":18,"column":6},"end":{"line":18,"column":46}},"5":{"start":{"line":20,"column":6},"end":{"line":20,"column":24}},"6":{"start":{"line":22,"column":6},"end":{"line":22,"column":50}},"7":{"start":{"line":24,"column":6},"end":{"line":24,"column":46}}},"fnMap":{"0":{"name":"(anonymous_0)","decl":{"start":{"line":13,"column":22},"end":{"line":13,"column":23}},"loc":{"start":{"line":13,"column":62},"end":{"line":26,"column":1}},"line":13}},"branchMap":{"0":{"loc":{"start":{"line":14,"column":2},"end":{"line":25,"column":3}},"type":"switch","locations":[{"start":{"line":15,"column":4},"end":{"line":16,"column":46}},{"start":{"line":17,"column":4},"end":{"line":18,"column":46}},{"start":{"line":19,"column":4},"end":{"line":20,"column":24}},{"start":{"line":21,"column":4},"end":{"line":22,"column":50}},{"start":{"line":23,"column":4},"end":{"line":24,"column":46}}],"line":14}},"s":{"0":6,"1":6,"2":17,"3":3,"4":5,"5":3,"6":5,"7":1},"f":{"0":17},"b":{"0":[3,5,3,5,1]},"_coverageSchema":"1a1c01bbd47fc00a2c39e90264f33305004495a9","hash":"fc667c59d039774334eeeb341f827454b5dbf530"}
,"/home/administrateur/OpenClassrooms/projets/P9_billed/src/constants/usersTest.js": {"path":"/home/administrateur/OpenClassrooms/projets/P9_billed/src/constants/usersTest.js","statementMap":{},"fnMap":{},"branchMap":{},"s":{},"f":{},"b":{},"_coverageSchema":"1a1c01bbd47fc00a2c39e90264f33305004495a9","hash":"a7922ef6b072e4adf79d848debb3ad17bd4d2910"}
,"/home/administrateur/OpenClassrooms/projets/P9_billed/src/containers/Bills.js": {"path":"/home/administrateur/OpenClassrooms/projets/P9_billed/src/containers/Bills.js","statementMap":{"0":{"start":{"line":7,"column":4},"end":{"line":7,"column":28}},"1":{"start":{"line":8,"column":4},"end":{"line":8,"column":32}},"2":{"start":{"line":9,"column":4},"end":{"line":9,"column":30}},"3":{"start":{"line":10,"column":26},"end":{"line":10,"column":86}},"4":{"start":{"line":11,"column":4},"end":{"line":11,"column":87}},"5":{"start":{"line":11,"column":23},"end":{"line":11,"column":87}},"6":{"start":{"line":12,"column":20},"end":{"line":12,"column":76}},"7":{"start":{"line":13,"column":4},"end":{"line":15,"column":6}},"8":{"start":{"line":13,"column":17},"end":{"line":15,"column":6}},"9":{"start":{"line":14,"column":6},"end":{"line":14,"column":74}},"10":{"start":{"line":14,"column":44},"end":{"line":14,"column":73}},"11":{"start":{"line":16,"column":4},"end":{"line":16,"column":54}},"12":{"start":{"line":19,"column":23},"end":{"line":21,"column":3}},"13":{"start":{"line":20,"column":4},"end":{"line":20,"column":43}},"14":{"start":{"line":23,"column":23},"end":{"line":28,"column":3}},"15":{"start":{"line":24,"column":20},"end":{"line":24,"column":54}},"16":{"start":{"line":25,"column":21},"end":{"line":25,"column":63}},"17":{"start":{"line":26,"column":4},"end":{"line":26,"column":128}},"18":{"start":{"line":27,"column":4},"end":{"line":27,"column":90}},"19":{"start":{"line":27,"column":60},"end":{"line":27,"column":90}},"20":{"start":{"line":30,"column":13},"end":{"line":52,"column":3}},"21":{"start":{"line":31,"column":22},"end":{"line":32,"column":57}},"22":{"start":{"line":33,"column":4},"end":{"line":51,"column":5}},"23":{"start":{"line":34,"column":6},"end":{"line":50,"column":28}},"24":{"start":{"line":38,"column":22},"end":{"line":45,"column":51}},"25":{"start":{"line":39,"column":23},"end":{"line":44,"column":11}},"26":{"start":{"line":45,"column":26},"end":{"line":45,"column":50}},"27":{"start":{"line":47,"column":8},"end":{"line":47,"column":35}},"28":{"start":{"line":48,"column":8},"end":{"line":48,"column":20}},"29":{"start":{"line":50,"column":22},"end":{"line":50,"column":27}}},"fnMap":{"0":{"name":"(anonymous_0)","decl":{"start":{"line":6,"column":2},"end":{"line":6,"column":3}},"loc":{"start":{"line":6,"column":65},"end":{"line":17,"column":3}},"line":6},"1":{"name":"(anonymous_1)","decl":{"start":{"line":13,"column":33},"end":{"line":13,"column":34}},"loc":{"start":{"line":13,"column":41},"end":{"line":15,"column":5}},"line":13},"2":{"name":"(anonymous_2)","decl":{"start":{"line":14,"column":37},"end":{"line":14,"column":38}},"loc":{"start":{"line":14,"column":44},"end":{"line":14,"column":73}},"line":14},"3":{"name":"(anonymous_3)","decl":{"start":{"line":19,"column":23},"end":{"line":19,"column":24}},"loc":{"start":{"line":19,"column":28},"end":{"line":21,"column":3}},"line":19},"4":{"name":"(anonymous_4)","decl":{"start":{"line":23,"column":23},"end":{"line":23,"column":24}},"loc":{"start":{"line":23,"column":33},"end":{"line":28,"column":3}},"line":23},"5":{"name":"(anonymous_5)","decl":{"start":{"line":30,"column":13},"end":{"line":30,"column":14}},"loc":{"start":{"line":30,"column":19},"end":{"line":52,"column":3}},"line":30},"6":{"name":"(anonymous_6)","decl":{"start":{"line":37,"column":12},"end":{"line":37,"column":13}},"loc":{"start":{"line":37,"column":24},"end":{"line":49,"column":7}},"line":37},"7":{"name":"(anonymous_7)","decl":{"start":{"line":39,"column":15},"end":{"line":39,"column":16}},"loc":{"start":{"line":39,"column":23},"end":{"line":44,"column":11}},"line":39},"8":{"name":"(anonymous_8)","decl":{"start":{"line":45,"column":18},"end":{"line":45,"column":19}},"loc":{"start":{"line":45,"column":26},"end":{"line":45,"column":50}},"line":45},"9":{"name":"(anonymous_9)","decl":{"start":{"line":50,"column":13},"end":{"line":50,"column":14}},"loc":{"start":{"line":50,"column":22},"end":{"line":50,"column":27}},"line":50}},"branchMap":{"0":{"loc":{"start":{"line":11,"column":4},"end":{"line":11,"column":87}},"type":"if","locations":[{"start":{"line":11,"column":4},"end":{"line":11,"column":87}},{"start":{"line":11,"column":4},"end":{"line":11,"column":87}}],"line":11},"1":{"loc":{"start":{"line":13,"column":4},"end":{"line":15,"column":6}},"type":"if","locations":[{"start":{"line":13,"column":4},"end":{"line":15,"column":6}},{"start":{"line":13,"column":4},"end":{"line":15,"column":6}}],"line":13},"2":{"loc":{"start":{"line":27,"column":4},"end":{"line":27,"column":90}},"type":"if","locations":[{"start":{"line":27,"column":4},"end":{"line":27,"column":90}},{"start":{"line":27,"column":4},"end":{"line":27,"column":90}}],"line":27},"3":{"loc":{"start":{"line":31,"column":22},"end":{"line":32,"column":57}},"type":"cond-expr","locations":[{"start":{"line":32,"column":6},"end":{"line":32,"column":52}},{"start":{"line":32,"column":55},"end":{"line":32,"column":57}}],"line":31},"4":{"loc":{"start":{"line":33,"column":4},"end":{"line":51,"column":5}},"type":"if","locations":[{"start":{"line":33,"column":4},"end":{"line":51,"column":5}},{"start":{"line":33,"column":4},"end":{"line":51,"column":5}}],"line":33}},"s":{"0":3,"1":3,"2":3,"3":3,"4":3,"5":3,"6":3,"7":3,"8":3,"9":8,"10":1,"11":3,"12":3,"13":2,"14":3,"15":2,"16":2,"17":2,"18":2,"19":0,"20":3,"21":1,"22":1,"23":1,"24":1,"25":0,"26":0,"27":0,"28":0,"29":1},"f":{"0":3,"1":8,"2":1,"3":2,"4":2,"5":1,"6":1,"7":0,"8":0,"9":1},"b":{"0":[3,0],"1":[3,0],"2":[0,2],"3":[0,1],"4":[1,0]},"_coverageSchema":"1a1c01bbd47fc00a2c39e90264f33305004495a9","hash":"25966da7021ea2d42a712824642732b39834b248"}
,"/home/administrateur/OpenClassrooms/projets/P9_billed/src/containers/Dashboard.js": {"path":"/home/administrateur/OpenClassrooms/projets/P9_billed/src/containers/Dashboard.js","statementMap":{"0":{"start":{"line":8,"column":29},"end":{"line":27,"column":1}},"1":{"start":{"line":9,"column":2},"end":{"line":26,"column":11}},"2":{"start":{"line":15,"column":6},"end":{"line":23,"column":7}},"3":{"start":{"line":16,"column":8},"end":{"line":16,"column":50}},"4":{"start":{"line":19,"column":26},"end":{"line":19,"column":72}},"5":{"start":{"line":20,"column":8},"end":{"line":22,"column":57}},"6":{"start":{"line":25,"column":6},"end":{"line":25,"column":28}},"7":{"start":{"line":29,"column":20},"end":{"line":52,"column":1}},"8":{"start":{"line":30,"column":28},"end":{"line":30,"column":52}},"9":{"start":{"line":31,"column":20},"end":{"line":32,"column":40}},"10":{"start":{"line":33,"column":19},"end":{"line":34,"column":53}},"11":{"start":{"line":36,"column":2},"end":{"line":51,"column":4}},"12":{"start":{"line":54,"column":21},"end":{"line":56,"column":1}},"13":{"start":{"line":55,"column":2},"end":{"line":55,"column":76}},"14":{"start":{"line":55,"column":51},"end":{"line":55,"column":61}},"15":{"start":{"line":58,"column":25},"end":{"line":67,"column":1}},"16":{"start":{"line":59,"column":2},"end":{"line":66,"column":3}},"17":{"start":{"line":61,"column":6},"end":{"line":61,"column":22}},"18":{"start":{"line":63,"column":6},"end":{"line":63,"column":23}},"19":{"start":{"line":65,"column":6},"end":{"line":65,"column":22}},"20":{"start":{"line":71,"column":4},"end":{"line":71,"column":28}},"21":{"start":{"line":72,"column":4},"end":{"line":72,"column":32}},"22":{"start":{"line":73,"column":4},"end":{"line":73,"column":30}},"23":{"start":{"line":74,"column":4},"end":{"line":74,"column":71}},"24":{"start":{"line":74,"column":35},"end":{"line":74,"column":70}},"25":{"start":{"line":75,"column":4},"end":{"line":75,"column":71}},"26":{"start":{"line":75,"column":35},"end":{"line":75,"column":70}},"27":{"start":{"line":76,"column":4},"end":{"line":76,"column":71}},"28":{"start":{"line":76,"column":35},"end":{"line":76,"column":70}},"29":{"start":{"line":77,"column":4},"end":{"line":77,"column":27}},"30":{"start":{"line":78,"column":4},"end":{"line":78,"column":44}},"31":{"start":{"line":81,"column":23},"end":{"line":86,"column":3}},"32":{"start":{"line":82,"column":20},"end":{"line":82,"column":58}},"33":{"start":{"line":83,"column":21},"end":{"line":83,"column":69}},"34":{"start":{"line":84,"column":4},"end":{"line":84,"column":134}},"35":{"start":{"line":85,"column":4},"end":{"line":85,"column":96}},"36":{"start":{"line":85,"column":60},"end":{"line":85,"column":96}},"37":{"start":{"line":89,"column":4},"end":{"line":89,"column":75}},"38":{"start":{"line":89,"column":59},"end":{"line":89,"column":75}},"39":{"start":{"line":90,"column":4},"end":{"line":90,"column":71}},"40":{"start":{"line":90,"column":54},"end":{"line":90,"column":71}},"41":{"start":{"line":92,"column":4},"end":{"line":94,"column":6}},"42":{"start":{"line":93,"column":6},"end":{"line":93,"column":59}},"43":{"start":{"line":95,"column":4},"end":{"line":95,"column":60}},"44":{"start":{"line":96,"column":4},"end":{"line":96,"column":67}},"45":{"start":{"line":97,"column":4},"end":{"line":97,"column":50}},"46":{"start":{"line":98,"column":4},"end":{"line":98,"column":19}},"47":{"start":{"line":100,"column":4},"end":{"line":100,"column":51}},"48":{"start":{"line":101,"column":4},"end":{"line":101,"column":72}},"49":{"start":{"line":101,"column":39},"end":{"line":101,"column":71}},"50":{"start":{"line":102,"column":4},"end":{"line":102,"column":72}},"51":{"start":{"line":102,"column":39},"end":{"line":102,"column":71}},"52":{"start":{"line":105,"column":23},"end":{"line":113,"column":3}},"53":{"start":{"line":106,"column":20},"end":{"line":110,"column":5}},"54":{"start":{"line":111,"column":4},"end":{"line":111,"column":28}},"55":{"start":{"line":112,"column":4},"end":{"line":112,"column":45}},"56":{"start":{"line":115,"column":23},"end":{"line":123,"column":3}},"57":{"start":{"line":116,"column":20},"end":{"line":120,"column":5}},"58":{"start":{"line":121,"column":4},"end":{"line":121,"column":28}},"59":{"start":{"line":122,"column":4},"end":{"line":122,"column":45}},"60":{"start":{"line":126,"column":4},"end":{"line":126,"column":76}},"61":{"start":{"line":126,"column":60},"end":{"line":126,"column":76}},"62":{"start":{"line":127,"column":4},"end":{"line":127,"column":76}},"63":{"start":{"line":127,"column":58},"end":{"line":127,"column":76}},"64":{"start":{"line":128,"column":4},"end":{"line":138,"column":5}},"65":{"start":{"line":129,"column":6},"end":{"line":129,"column":69}},"66":{"start":{"line":130,"column":6},"end":{"line":131,"column":65}},"67":{"start":{"line":132,"column":6},"end":{"line":132,"column":21}},"68":{"start":{"line":134,"column":6},"end":{"line":134,"column":70}},"69":{"start":{"line":135,"column":6},"end":{"line":136,"column":17}},"70":{"start":{"line":137,"column":6},"end":{"line":137,"column":21}},"71":{"start":{"line":140,"column":4},"end":{"line":142,"column":6}},"72":{"start":{"line":141,"column":6},"end":{"line":141,"column":83}},"73":{"start":{"line":141,"column":45},"end":{"line":141,"column":82}},"74":{"start":{"line":144,"column":4},"end":{"line":144,"column":16}},"75":{"start":{"line":148,"column":21},"end":{"line":165,"column":3}},"76":{"start":{"line":149,"column":4},"end":{"line":164,"column":5}},"77":{"start":{"line":150,"column":6},"end":{"line":163,"column":25}},"78":{"start":{"line":154,"column":22},"end":{"line":160,"column":11}},"79":{"start":{"line":155,"column":21},"end":{"line":160,"column":9}},"80":{"start":{"line":161,"column":8},"end":{"line":161,"column":20}},"81":{"start":{"line":168,"column":15},"end":{"line":176,"column":3}},"82":{"start":{"line":169,"column":4},"end":{"line":175,"column":5}},"83":{"start":{"line":170,"column":4},"end":{"line":174,"column":25}},"84":{"start":{"line":173,"column":20},"end":{"line":173,"column":24}}},"fnMap":{"0":{"name":"(anonymous_0)","decl":{"start":{"line":8,"column":29},"end":{"line":8,"column":30}},"loc":{"start":{"line":8,"column":47},"end":{"line":27,"column":1}},"line":8},"1":{"name":"(anonymous_1)","decl":{"start":{"line":10,"column":16},"end":{"line":10,"column":17}},"loc":{"start":{"line":10,"column":24},"end":{"line":26,"column":5}},"line":10},"2":{"name":"(anonymous_2)","decl":{"start":{"line":29,"column":20},"end":{"line":29,"column":21}},"loc":{"start":{"line":29,"column":30},"end":{"line":52,"column":1}},"line":29},"3":{"name":"(anonymous_3)","decl":{"start":{"line":54,"column":21},"end":{"line":54,"column":22}},"loc":{"start":{"line":54,"column":32},"end":{"line":56,"column":1}},"line":54},"4":{"name":"(anonymous_4)","decl":{"start":{"line":55,"column":43},"end":{"line":55,"column":44}},"loc":{"start":{"line":55,"column":51},"end":{"line":55,"column":61}},"line":55},"5":{"name":"(anonymous_5)","decl":{"start":{"line":58,"column":25},"end":{"line":58,"column":26}},"loc":{"start":{"line":58,"column":36},"end":{"line":67,"column":1}},"line":58},"6":{"name":"(anonymous_6)","decl":{"start":{"line":70,"column":2},"end":{"line":70,"column":3}},"loc":{"start":{"line":70,"column":72},"end":{"line":79,"column":3}},"line":70},"7":{"name":"(anonymous_7)","decl":{"start":{"line":74,"column":28},"end":{"line":74,"column":29}},"loc":{"start":{"line":74,"column":35},"end":{"line":74,"column":70}},"line":74},"8":{"name":"(anonymous_8)","decl":{"start":{"line":75,"column":28},"end":{"line":75,"column":29}},"loc":{"start":{"line":75,"column":35},"end":{"line":75,"column":70}},"line":75},"9":{"name":"(anonymous_9)","decl":{"start":{"line":76,"column":28},"end":{"line":76,"column":29}},"loc":{"start":{"line":76,"column":35},"end":{"line":76,"column":70}},"line":76},"10":{"name":"(anonymous_10)","decl":{"start":{"line":81,"column":23},"end":{"line":81,"column":24}},"loc":{"start":{"line":81,"column":29},"end":{"line":86,"column":3}},"line":81},"11":{"name":"(anonymous_11)","decl":{"start":{"line":88,"column":2},"end":{"line":88,"column":3}},"loc":{"start":{"line":88,"column":35},"end":{"line":103,"column":3}},"line":88},"12":{"name":"(anonymous_12)","decl":{"start":{"line":92,"column":18},"end":{"line":92,"column":19}},"loc":{"start":{"line":92,"column":23},"end":{"line":94,"column":5}},"line":92},"13":{"name":"(anonymous_13)","decl":{"start":{"line":101,"column":32},"end":{"line":101,"column":33}},"loc":{"start":{"line":101,"column":39},"end":{"line":101,"column":71}},"line":101},"14":{"name":"(anonymous_14)","decl":{"start":{"line":102,"column":32},"end":{"line":102,"column":33}},"loc":{"start":{"line":102,"column":39},"end":{"line":102,"column":71}},"line":102},"15":{"name":"(anonymous_15)","decl":{"start":{"line":105,"column":23},"end":{"line":105,"column":24}},"loc":{"start":{"line":105,"column":36},"end":{"line":113,"column":3}},"line":105},"16":{"name":"(anonymous_16)","decl":{"start":{"line":115,"column":23},"end":{"line":115,"column":24}},"loc":{"start":{"line":115,"column":36},"end":{"line":123,"column":3}},"line":115},"17":{"name":"(anonymous_17)","decl":{"start":{"line":125,"column":2},"end":{"line":125,"column":3}},"loc":{"start":{"line":125,"column":37},"end":{"line":146,"column":3}},"line":125},"18":{"name":"(anonymous_18)","decl":{"start":{"line":140,"column":18},"end":{"line":140,"column":19}},"loc":{"start":{"line":140,"column":26},"end":{"line":142,"column":5}},"line":140},"19":{"name":"(anonymous_19)","decl":{"start":{"line":141,"column":38},"end":{"line":141,"column":39}},"loc":{"start":{"line":141,"column":45},"end":{"line":141,"column":82}},"line":141},"20":{"name":"(anonymous_20)","decl":{"start":{"line":148,"column":21},"end":{"line":148,"column":22}},"loc":{"start":{"line":148,"column":27},"end":{"line":165,"column":3}},"line":148},"21":{"name":"(anonymous_21)","decl":{"start":{"line":153,"column":12},"end":{"line":153,"column":13}},"loc":{"start":{"line":153,"column":24},"end":{"line":162,"column":7}},"line":153},"22":{"name":"(anonymous_22)","decl":{"start":{"line":155,"column":13},"end":{"line":155,"column":14}},"loc":{"start":{"line":155,"column":21},"end":{"line":160,"column":9}},"line":155},"23":{"name":"(anonymous_23)","decl":{"start":{"line":168,"column":15},"end":{"line":168,"column":16}},"loc":{"start":{"line":168,"column":25},"end":{"line":176,"column":3}},"line":168},"24":{"name":"(anonymous_24)","decl":{"start":{"line":173,"column":12},"end":{"line":173,"column":13}},"loc":{"start":{"line":173,"column":20},"end":{"line":173,"column":24}},"line":173}},"branchMap":{"0":{"loc":{"start":{"line":9,"column":9},"end":{"line":26,"column":11}},"type":"cond-expr","locations":[{"start":{"line":10,"column":4},"end":{"line":26,"column":6}},{"start":{"line":26,"column":9},"end":{"line":26,"column":11}}],"line":9},"1":{"loc":{"start":{"line":9,"column":10},"end":{"line":9,"column":29}},"type":"binary-expr","locations":[{"start":{"line":9,"column":10},"end":{"line":9,"column":14}},{"start":{"line":9,"column":18},"end":{"line":9,"column":29}}],"line":9},"2":{"loc":{"start":{"line":15,"column":6},"end":{"line":23,"column":7}},"type":"if","locations":[{"start":{"line":15,"column":6},"end":{"line":23,"column":7}},{"start":{"line":15,"column":6},"end":{"line":23,"column":7}}],"line":15},"3":{"loc":{"start":{"line":21,"column":10},"end":{"line":22,"column":57}},"type":"binary-expr","locations":[{"start":{"line":21,"column":11},"end":{"line":21,"column":33}},{"start":{"line":22,"column":10},"end":{"line":22,"column":57}}],"line":21},"4":{"loc":{"start":{"line":31,"column":20},"end":{"line":32,"column":40}},"type":"cond-expr","locations":[{"start":{"line":32,"column":4},"end":{"line":32,"column":35}},{"start":{"line":32,"column":38},"end":{"line":32,"column":40}}],"line":31},"5":{"loc":{"start":{"line":33,"column":19},"end":{"line":34,"column":53}},"type":"cond-expr","locations":[{"start":{"line":34,"column":2},"end":{"line":34,"column":33}},{"start":{"line":34,"column":36},"end":{"line":34,"column":53}}],"line":33},"6":{"loc":{"start":{"line":55,"column":9},"end":{"line":55,"column":76}},"type":"cond-expr","locations":[{"start":{"line":55,"column":33},"end":{"line":55,"column":71}},{"start":{"line":55,"column":74},"end":{"line":55,"column":76}}],"line":55},"7":{"loc":{"start":{"line":55,"column":9},"end":{"line":55,"column":30}},"type":"binary-expr","locations":[{"start":{"line":55,"column":9},"end":{"line":55,"column":14}},{"start":{"line":55,"column":18},"end":{"line":55,"column":30}}],"line":55},"8":{"loc":{"start":{"line":59,"column":2},"end":{"line":66,"column":3}},"type":"switch","locations":[{"start":{"line":60,"column":4},"end":{"line":61,"column":22}},{"start":{"line":62,"column":4},"end":{"line":63,"column":23}},{"start":{"line":64,"column":4},"end":{"line":65,"column":22}}],"line":59},"9":{"loc":{"start":{"line":85,"column":4},"end":{"line":85,"column":96}},"type":"if","locations":[{"start":{"line":85,"column":4},"end":{"line":85,"column":96}},{"start":{"line":85,"column":4},"end":{"line":85,"column":96}}],"line":85},"10":{"loc":{"start":{"line":89,"column":4},"end":{"line":89,"column":75}},"type":"if","locations":[{"start":{"line":89,"column":4},"end":{"line":89,"column":75}},{"start":{"line":89,"column":4},"end":{"line":89,"column":75}}],"line":89},"11":{"loc":{"start":{"line":89,"column":8},"end":{"line":89,"column":57}},"type":"binary-expr","locations":[{"start":{"line":89,"column":8},"end":{"line":89,"column":34}},{"start":{"line":89,"column":38},"end":{"line":89,"column":57}}],"line":89},"12":{"loc":{"start":{"line":90,"column":4},"end":{"line":90,"column":71}},"type":"if","locations":[{"start":{"line":90,"column":4},"end":{"line":90,"column":71}},{"start":{"line":90,"column":4},"end":{"line":90,"column":71}}],"line":90},"13":{"loc":{"start":{"line":90,"column":8},"end":{"line":90,"column":52}},"type":"binary-expr","locations":[{"start":{"line":90,"column":8},"end":{"line":90,"column":29}},{"start":{"line":90,"column":33},"end":{"line":90,"column":52}}],"line":90},"14":{"loc":{"start":{"line":126,"column":4},"end":{"line":126,"column":76}},"type":"if","locations":[{"start":{"line":126,"column":4},"end":{"line":126,"column":76}},{"start":{"line":126,"column":4},"end":{"line":126,"column":76}}],"line":126},"15":{"loc":{"start":{"line":126,"column":8},"end":{"line":126,"column":58}},"type":"binary-expr","locations":[{"start":{"line":126,"column":8},"end":{"line":126,"column":34}},{"start":{"line":126,"column":38},"end":{"line":126,"column":58}}],"line":126},"16":{"loc":{"start":{"line":127,"column":4},"end":{"line":127,"column":76}},"type":"if","locations":[{"start":{"line":127,"column":4},"end":{"line":127,"column":76}},{"start":{"line":127,"column":4},"end":{"line":127,"column":76}}],"line":127},"17":{"loc":{"start":{"line":127,"column":8},"end":{"line":127,"column":56}},"type":"binary-expr","locations":[{"start":{"line":127,"column":8},"end":{"line":127,"column":32}},{"start":{"line":127,"column":36},"end":{"line":127,"column":56}}],"line":127},"18":{"loc":{"start":{"line":128,"column":4},"end":{"line":138,"column":5}},"type":"if","locations":[{"start":{"line":128,"column":4},"end":{"line":138,"column":5}},{"start":{"line":128,"column":4},"end":{"line":138,"column":5}}],"line":128},"19":{"loc":{"start":{"line":149,"column":4},"end":{"line":164,"column":5}},"type":"if","locations":[{"start":{"line":149,"column":4},"end":{"line":164,"column":5}},{"start":{"line":149,"column":4},"end":{"line":164,"column":5}}],"line":149},"20":{"loc":{"start":{"line":169,"column":4},"end":{"line":175,"column":5}},"type":"if","locations":[{"start":{"line":169,"column":4},"end":{"line":175,"column":5}},{"start":{"line":169,"column":4},"end":{"line":175,"column":5}}],"line":169}},"s":{"0":6,"1":27,"2":24,"3":24,"4":0,"5":0,"6":24,"7":6,"8":8,"9":8,"10":8,"11":8,"12":6,"13":5,"14":8,"15":6,"16":3,"17":1,"18":1,"19":1,"20":5,"21":5,"22":5,"23":5,"24":0,"25":5,"26":0,"27":5,"28":0,"29":5,"30":5,"31":5,"32":1,"33":1,"34":1,"35":1,"36":0,"37":2,"38":1,"39":2,"40":1,"41":2,"42":8,"43":2,"44":2,"45":2,"46":2,"47":2,"48":2,"49":0,"50":2,"51":0,"52":5,"53":1,"54":1,"55":1,"56":5,"57":1,"58":1,"59":1,"60":4,"61":3,"62":4,"63":3,"64":4,"65":3,"66":3,"67":3,"68":1,"69":1,"70":1,"71":4,"72":16,"73":0,"74":4,"75":5,"76":5,"77":0,"78":0,"79":0,"80":0,"81":5,"82":2,"83":0,"84":0},"f":{"0":27,"1":24,"2":8,"3":5,"4":8,"5":3,"6":5,"7":0,"8":0,"9":0,"10":1,"11":2,"12":8,"13":0,"14":0,"15":1,"16":1,"17":4,"18":16,"19":0,"20":5,"21":0,"22":0,"23":2,"24":0},"b":{"0":[6,21],"1":[27,6],"2":[24,0],"3":[0,0],"4":[0,8],"5":[0,8],"6":[4,1],"7":[5,5],"8":[1,1,1],"9":[0,1],"10":[1,1],"11":[2,1],"12":[1,1],"13":[2,1],"14":[3,1],"15":[4,3],"16":[3,1],"17":[4,3],"18":[3,1],"19":[0,5],"20":[0,2]},"_coverageSchema":"1a1c01bbd47fc00a2c39e90264f33305004495a9","hash":"7cc896ee6bc919f072fa722157119da5e83875c2"}
,"/home/administrateur/OpenClassrooms/projets/P9_billed/src/containers/Login.js": {"path":"/home/administrateur/OpenClassrooms/projets/P9_billed/src/containers/Login.js","statementMap":{"0":{"start":{"line":3,"column":31},"end":{"line":3,"column":33}},"1":{"start":{"line":7,"column":4},"end":{"line":7,"column":28}},"2":{"start":{"line":8,"column":4},"end":{"line":8,"column":36}},"3":{"start":{"line":9,"column":4},"end":{"line":9,"column":32}},"4":{"start":{"line":10,"column":4},"end":{"line":10,"column":46}},"5":{"start":{"line":11,"column":4},"end":{"line":11,"column":30}},"6":{"start":{"line":12,"column":25},"end":{"line":12,"column":89}},"7":{"start":{"line":13,"column":4},"end":{"line":13,"column":70}},"8":{"start":{"line":14,"column":22},"end":{"line":14,"column":83}},"9":{"start":{"line":15,"column":4},"end":{"line":15,"column":64}},"10":{"start":{"line":17,"column":25},"end":{"line":32,"column":3}},"11":{"start":{"line":18,"column":17},"end":{"line":23,"column":5}},"12":{"start":{"line":24,"column":4},"end":{"line":24,"column":59}},"13":{"start":{"line":25,"column":23},"end":{"line":25,"column":51}},"14":{"start":{"line":26,"column":4},"end":{"line":26,"column":42}},"15":{"start":{"line":26,"column":21},"end":{"line":26,"column":42}},"16":{"start":{"line":27,"column":4},"end":{"line":27,"column":22}},"17":{"start":{"line":28,"column":4},"end":{"line":28,"column":41}},"18":{"start":{"line":29,"column":4},"end":{"line":29,"column":49}},"19":{"start":{"line":30,"column":4},"end":{"line":30,"column":46}},"20":{"start":{"line":31,"column":4},"end":{"line":31,"column":51}},"21":{"start":{"line":34,"column":22},"end":{"line":49,"column":3}},"22":{"start":{"line":35,"column":17},"end":{"line":40,"column":5}},"23":{"start":{"line":41,"column":4},"end":{"line":41,"column":59}},"24":{"start":{"line":42,"column":23},"end":{"line":42,"column":51}},"25":{"start":{"line":43,"column":4},"end":{"line":43,"column":42}},"26":{"start":{"line":43,"column":21},"end":{"line":43,"column":42}},"27":{"start":{"line":44,"column":4},"end":{"line":44,"column":22}},"28":{"start":{"line":45,"column":4},"end":{"line":45,"column":45}},"29":{"start":{"line":46,"column":4},"end":{"line":46,"column":53}},"30":{"start":{"line":47,"column":4},"end":{"line":47,"column":46}},"31":{"start":{"line":48,"column":4},"end":{"line":48,"column":46}},"32":{"start":{"line":51,"column":22},"end":{"line":68,"column":3}},"33":{"start":{"line":52,"column":4},"end":{"line":67,"column":5}},"34":{"start":{"line":53,"column":6},"end":{"line":64,"column":28}},"35":{"start":{"line":57,"column":8},"end":{"line":62,"column":9}},"36":{"start":{"line":58,"column":10},"end":{"line":58,"column":55}},"37":{"start":{"line":59,"column":10},"end":{"line":59,"column":21}},"38":{"start":{"line":61,"column":10},"end":{"line":61,"column":22}},"39":{"start":{"line":64,"column":22},"end":{"line":64,"column":27}},"40":{"start":{"line":66,"column":6},"end":{"line":66,"column":17}},"41":{"start":{"line":70,"column":15},"end":{"line":84,"column":3}},"42":{"start":{"line":71,"column":4},"end":{"line":83,"column":5}},"43":{"start":{"line":72,"column":6},"end":{"line":80,"column":28}},"44":{"start":{"line":79,"column":18},"end":{"line":79,"column":67}},"45":{"start":{"line":80,"column":22},"end":{"line":80,"column":27}},"46":{"start":{"line":82,"column":6},"end":{"line":82,"column":17}}},"fnMap":{"0":{"name":"(anonymous_0)","decl":{"start":{"line":6,"column":2},"end":{"line":6,"column":3}},"loc":{"start":{"line":6,"column":84},"end":{"line":16,"column":3}},"line":6},"1":{"name":"(anonymous_1)","decl":{"start":{"line":17,"column":25},"end":{"line":17,"column":26}},"loc":{"start":{"line":17,"column":30},"end":{"line":32,"column":3}},"line":17},"2":{"name":"(anonymous_2)","decl":{"start":{"line":34,"column":22},"end":{"line":34,"column":23}},"loc":{"start":{"line":34,"column":27},"end":{"line":49,"column":3}},"line":34},"3":{"name":"(anonymous_3)","decl":{"start":{"line":51,"column":22},"end":{"line":51,"column":23}},"loc":{"start":{"line":51,"column":32},"end":{"line":68,"column":3}},"line":51},"4":{"name":"(anonymous_4)","decl":{"start":{"line":56,"column":12},"end":{"line":56,"column":13}},"loc":{"start":{"line":56,"column":21},"end":{"line":63,"column":7}},"line":56},"5":{"name":"(anonymous_5)","decl":{"start":{"line":64,"column":13},"end":{"line":64,"column":14}},"loc":{"start":{"line":64,"column":22},"end":{"line":64,"column":27}},"line":64},"6":{"name":"(anonymous_6)","decl":{"start":{"line":70,"column":15},"end":{"line":70,"column":16}},"loc":{"start":{"line":70,"column":25},"end":{"line":84,"column":3}},"line":70},"7":{"name":"(anonymous_7)","decl":{"start":{"line":79,"column":12},"end":{"line":79,"column":13}},"loc":{"start":{"line":79,"column":18},"end":{"line":79,"column":67}},"line":79},"8":{"name":"(anonymous_8)","decl":{"start":{"line":80,"column":13},"end":{"line":80,"column":14}},"loc":{"start":{"line":80,"column":22},"end":{"line":80,"column":27}},"line":80}},"branchMap":{"0":{"loc":{"start":{"line":26,"column":4},"end":{"line":26,"column":42}},"type":"if","locations":[{"start":{"line":26,"column":4},"end":{"line":26,"column":42}},{"start":{"line":26,"column":4},"end":{"line":26,"column":42}}],"line":26},"1":{"loc":{"start":{"line":43,"column":4},"end":{"line":43,"column":42}},"type":"if","locations":[{"start":{"line":43,"column":4},"end":{"line":43,"column":42}},{"start":{"line":43,"column":4},"end":{"line":43,"column":42}}],"line":43},"2":{"loc":{"start":{"line":52,"column":4},"end":{"line":67,"column":5}},"type":"if","locations":[{"start":{"line":52,"column":4},"end":{"line":67,"column":5}},{"start":{"line":52,"column":4},"end":{"line":67,"column":5}}],"line":52},"3":{"loc":{"start":{"line":57,"column":8},"end":{"line":62,"column":9}},"type":"if","locations":[{"start":{"line":57,"column":8},"end":{"line":62,"column":9}},{"start":{"line":57,"column":8},"end":{"line":62,"column":9}}],"line":57},"4":{"loc":{"start":{"line":71,"column":4},"end":{"line":83,"column":5}},"type":"if","locations":[{"start":{"line":71,"column":4},"end":{"line":83,"column":5}},{"start":{"line":71,"column":4},"end":{"line":83,"column":5}}],"line":71}},"s":{"0":1,"1":2,"2":2,"3":2,"4":2,"5":2,"6":2,"7":2,"8":2,"9":2,"10":2,"11":2,"12":2,"13":2,"14":2,"15":2,"16":2,"17":2,"18":2,"19":2,"20":2,"21":2,"22":2,"23":2,"24":2,"25":2,"26":2,"27":2,"28":2,"29":2,"30":2,"31":2,"32":2,"33":4,"34":0,"35":0,"36":0,"37":0,"38":0,"39":0,"40":4,"41":2,"42":4,"43":0,"44":0,"45":0,"46":4},"f":{"0":2,"1":2,"2":2,"3":4,"4":0,"5":0,"6":4,"7":0,"8":0},"b":{"0":[2,0],"1":[2,0],"2":[0,4],"3":[0,0],"4":[0,4]},"_coverageSchema":"1a1c01bbd47fc00a2c39e90264f33305004495a9","hash":"b44e414026733f27efcfc7c2fb3f365879232be8"}
,"/home/administrateur/OpenClassrooms/projets/P9_billed/src/containers/Logout.js": {"path":"/home/administrateur/OpenClassrooms/projets/P9_billed/src/containers/Logout.js","statementMap":{"0":{"start":{"line":5,"column":4},"end":{"line":5,"column":28}},"1":{"start":{"line":6,"column":4},"end":{"line":6,"column":32}},"2":{"start":{"line":7,"column":4},"end":{"line":7,"column":36}},"3":{"start":{"line":8,"column":4},"end":{"line":8,"column":51}},"4":{"start":{"line":11,"column":16},"end":{"line":14,"column":3}},"5":{"start":{"line":12,"column":4},"end":{"line":12,"column":29}},"6":{"start":{"line":13,"column":4},"end":{"line":13,"column":41}}},"fnMap":{"0":{"name":"(anonymous_0)","decl":{"start":{"line":4,"column":2},"end":{"line":4,"column":3}},"loc":{"start":{"line":4,"column":54},"end":{"line":9,"column":3}},"line":4},"1":{"name":"(anonymous_1)","decl":{"start":{"line":11,"column":16},"end":{"line":11,"column":17}},"loc":{"start":{"line":11,"column":23},"end":{"line":14,"column":3}},"line":11}},"branchMap":{},"s":{"0":11,"1":11,"2":11,"3":11,"4":11,"5":2,"6":2},"f":{"0":11,"1":2},"b":{},"_coverageSchema":"1a1c01bbd47fc00a2c39e90264f33305004495a9","hash":"147045a6a19086b1e12e99b9f820102a28499c04"}
,"/home/administrateur/OpenClassrooms/projets/P9_billed/src/containers/NewBill.js": {"path":"/home/administrateur/OpenClassrooms/projets/P9_billed/src/containers/NewBill.js","statementMap":{"0":{"start":{"line":7,"column":4},"end":{"line":7,"column":28}},"1":{"start":{"line":8,"column":4},"end":{"line":8,"column":32}},"2":{"start":{"line":9,"column":4},"end":{"line":9,"column":30}},"3":{"start":{"line":10,"column":24},"end":{"line":10,"column":88}},"4":{"start":{"line":11,"column":4},"end":{"line":11,"column":61}},"5":{"start":{"line":12,"column":17},"end":{"line":12,"column":73}},"6":{"start":{"line":13,"column":4},"end":{"line":13,"column":58}},"7":{"start":{"line":14,"column":4},"end":{"line":14,"column":23}},"8":{"start":{"line":15,"column":4},"end":{"line":15,"column":24}},"9":{"start":{"line":16,"column":4},"end":{"line":16,"column":54}},"10":{"start":{"line":19,"column":21},"end":{"line":40,"column":3}},"11":{"start":{"line":20,"column":17},"end":{"line":20,"column":82}},"12":{"start":{"line":21,"column":17},"end":{"line":21,"column":40}},"13":{"start":{"line":23,"column":4},"end":{"line":39,"column":5}},"14":{"start":{"line":24,"column":23},"end":{"line":24,"column":50}},"15":{"start":{"line":25,"column":23},"end":{"line":25,"column":50}},"16":{"start":{"line":26,"column":6},"end":{"line":36,"column":7}},"17":{"start":{"line":27,"column":8},"end":{"line":35,"column":12}},"18":{"start":{"line":31,"column":28},"end":{"line":31,"column":57}},"19":{"start":{"line":33,"column":12},"end":{"line":33,"column":30}},"20":{"start":{"line":34,"column":12},"end":{"line":34,"column":36}},"21":{"start":{"line":38,"column":6},"end":{"line":38,"column":74}},"22":{"start":{"line":42,"column":17},"end":{"line":60,"column":3}},"23":{"start":{"line":43,"column":4},"end":{"line":43,"column":22}},"24":{"start":{"line":44,"column":18},"end":{"line":44,"column":64}},"25":{"start":{"line":45,"column":17},"end":{"line":57,"column":5}},"26":{"start":{"line":58,"column":4},"end":{"line":58,"column":25}},"27":{"start":{"line":59,"column":4},"end":{"line":59,"column":41}},"28":{"start":{"line":62,"column":15},"end":{"line":72,"column":3}},"29":{"start":{"line":63,"column":4},"end":{"line":71,"column":5}},"30":{"start":{"line":64,"column":6},"end":{"line":70,"column":28}},"31":{"start":{"line":68,"column":8},"end":{"line":68,"column":45}},"32":{"start":{"line":70,"column":22},"end":{"line":70,"column":27}}},"fnMap":{"0":{"name":"(anonymous_0)","decl":{"start":{"line":6,"column":2},"end":{"line":6,"column":3}},"loc":{"start":{"line":6,"column":65},"end":{"line":17,"column":3}},"line":6},"1":{"name":"(anonymous_1)","decl":{"start":{"line":19,"column":21},"end":{"line":19,"column":22}},"loc":{"start":{"line":19,"column":26},"end":{"line":40,"column":3}},"line":19},"2":{"name":"(anonymous_2)","decl":{"start":{"line":31,"column":16},"end":{"line":31,"column":17}},"loc":{"start":{"line":31,"column":28},"end":{"line":31,"column":57}},"line":31},"3":{"name":"(anonymous_3)","decl":{"start":{"line":32,"column":16},"end":{"line":32,"column":17}},"loc":{"start":{"line":32,"column":23},"end":{"line":35,"column":11}},"line":32},"4":{"name":"(anonymous_4)","decl":{"start":{"line":42,"column":17},"end":{"line":42,"column":18}},"loc":{"start":{"line":42,"column":22},"end":{"line":60,"column":3}},"line":42},"5":{"name":"(anonymous_5)","decl":{"start":{"line":62,"column":15},"end":{"line":62,"column":16}},"loc":{"start":{"line":62,"column":25},"end":{"line":72,"column":3}},"line":62},"6":{"name":"(anonymous_6)","decl":{"start":{"line":67,"column":12},"end":{"line":67,"column":13}},"loc":{"start":{"line":67,"column":18},"end":{"line":69,"column":7}},"line":67},"7":{"name":"(anonymous_7)","decl":{"start":{"line":70,"column":13},"end":{"line":70,"column":14}},"loc":{"start":{"line":70,"column":22},"end":{"line":70,"column":27}},"line":70}},"branchMap":{"0":{"loc":{"start":{"line":23,"column":4},"end":{"line":39,"column":5}},"type":"if","locations":[{"start":{"line":23,"column":4},"end":{"line":39,"column":5}},{"start":{"line":23,"column":4},"end":{"line":39,"column":5}}],"line":23},"1":{"loc":{"start":{"line":26,"column":6},"end":{"line":36,"column":7}},"type":"if","locations":[{"start":{"line":26,"column":6},"end":{"line":36,"column":7}},{"start":{"line":26,"column":6},"end":{"line":36,"column":7}}],"line":26},"2":{"loc":{"start":{"line":52,"column":11},"end":{"line":52,"column":83}},"type":"binary-expr","locations":[{"start":{"line":52,"column":11},"end":{"line":52,"column":77}},{"start":{"line":52,"column":81},"end":{"line":52,"column":83}}],"line":52},"3":{"loc":{"start":{"line":63,"column":4},"end":{"line":71,"column":5}},"type":"if","locations":[{"start":{"line":63,"column":4},"end":{"line":71,"column":5}},{"start":{"line":63,"column":4},"end":{"line":71,"column":5}}],"line":63}},"s":{"0":2,"1":2,"2":2,"3":2,"4":2,"5":2,"6":2,"7":2,"8":2,"9":2,"10":2,"11":2,"12":2,"13":2,"14":2,"15":2,"16":2,"17":0,"18":0,"19":0,"20":0,"21":0,"22":2,"23":2,"24":2,"25":2,"26":2,"27":2,"28":2,"29":2,"30":0,"31":0,"32":0},"f":{"0":2,"1":2,"2":0,"3":0,"4":2,"5":2,"6":0,"7":0},"b":{"0":[2,0],"1":[0,2],"2":[2,2],"3":[0,2]},"_coverageSchema":"1a1c01bbd47fc00a2c39e90264f33305004495a9","hash":"76db638480b923d531a3e4f035931994c023208f"}
,"/home/administrateur/OpenClassrooms/projets/P9_billed/src/views/Actions.js": {"path":"/home/administrateur/OpenClassrooms/projets/P9_billed/src/views/Actions.js","statementMap":{"0":{"start":{"line":4,"column":2},"end":{"line":10,"column":3}}},"fnMap":{"0":{"name":"(anonymous_0)","decl":{"start":{"line":3,"column":15},"end":{"line":3,"column":16}},"loc":{"start":{"line":3,"column":28},"end":{"line":11,"column":1}},"line":3}},"branchMap":{},"s":{"0":14},"f":{"0":14},"b":{},"_coverageSchema":"1a1c01bbd47fc00a2c39e90264f33305004495a9","hash":"5a62818c20a8fe3e51b312e610b17b1e78617471"}
,"/home/administrateur/OpenClassrooms/projets/P9_billed/src/views/BillsUI.js": {"path":"/home/administrateur/OpenClassrooms/projets/P9_billed/src/views/BillsUI.js","statementMap":{"0":{"start":{"line":7,"column":12},"end":{"line":20,"column":3}},"1":{"start":{"line":8,"column":2},"end":{"line":19,"column":6}},"2":{"start":{"line":22,"column":13},"end":{"line":25,"column":1}},"3":{"start":{"line":23,"column":2},"end":{"line":23,"column":20}},"4":{"start":{"line":24,"column":2},"end":{"line":24,"column":115}},"5":{"start":{"line":24,"column":53},"end":{"line":24,"column":77}},"6":{"start":{"line":24,"column":91},"end":{"line":24,"column":100}},"7":{"start":{"line":29,"column":16},"end":{"line":44,"column":4}},"8":{"start":{"line":29,"column":23},"end":{"line":44,"column":3}},"9":{"start":{"line":46,"column":2},"end":{"line":50,"column":3}},"10":{"start":{"line":47,"column":4},"end":{"line":47,"column":24}},"11":{"start":{"line":48,"column":9},"end":{"line":50,"column":3}},"12":{"start":{"line":49,"column":4},"end":{"line":49,"column":27}},"13":{"start":{"line":52,"column":2},"end":{"line":80,"column":3}}},"fnMap":{"0":{"name":"(anonymous_0)","decl":{"start":{"line":7,"column":12},"end":{"line":7,"column":13}},"loc":{"start":{"line":7,"column":22},"end":{"line":20,"column":3}},"line":7},"1":{"name":"(anonymous_1)","decl":{"start":{"line":22,"column":13},"end":{"line":22,"column":14}},"loc":{"start":{"line":22,"column":23},"end":{"line":25,"column":1}},"line":22},"2":{"name":"(anonymous_2)","decl":{"start":{"line":24,"column":43},"end":{"line":24,"column":44}},"loc":{"start":{"line":24,"column":53},"end":{"line":24,"column":77}},"line":24},"3":{"name":"(anonymous_3)","decl":{"start":{"line":24,"column":83},"end":{"line":24,"column":84}},"loc":{"start":{"line":24,"column":91},"end":{"line":24,"column":100}},"line":24},"4":{"name":"(anonymous_4)","decl":{"start":{"line":27,"column":15},"end":{"line":27,"column":16}},"loc":{"start":{"line":27,"column":52},"end":{"line":81,"column":1}},"line":27},"5":{"name":"(anonymous_5)","decl":{"start":{"line":29,"column":16},"end":{"line":29,"column":17}},"loc":{"start":{"line":29,"column":23},"end":{"line":44,"column":3}},"line":29}},"branchMap":{"0":{"loc":{"start":{"line":12,"column":12},"end":{"line":12,"column":42}},"type":"binary-expr","locations":[{"start":{"line":12,"column":12},"end":{"line":12,"column":29}},{"start":{"line":12,"column":33},"end":{"line":12,"column":42}}],"line":12},"1":{"loc":{"start":{"line":24,"column":9},"end":{"line":24,"column":115}},"type":"cond-expr","locations":[{"start":{"line":24,"column":33},"end":{"line":24,"column":110}},{"start":{"line":24,"column":113},"end":{"line":24,"column":115}}],"line":24},"2":{"loc":{"start":{"line":24,"column":10},"end":{"line":24,"column":29}},"type":"binary-expr","locations":[{"start":{"line":24,"column":10},"end":{"line":24,"column":14}},{"start":{"line":24,"column":18},"end":{"line":24,"column":29}}],"line":24},"3":{"loc":{"start":{"line":24,"column":53},"end":{"line":24,"column":77}},"type":"cond-expr","locations":[{"start":{"line":24,"column":71},"end":{"line":24,"column":72}},{"start":{"line":24,"column":75},"end":{"line":24,"column":77}}],"line":24},"4":{"loc":{"start":{"line":46,"column":2},"end":{"line":50,"column":3}},"type":"if","locations":[{"start":{"line":46,"column":2},"end":{"line":50,"column":3}},{"start":{"line":46,"column":2},"end":{"line":50,"column":3}}],"line":46},"5":{"loc":{"start":{"line":48,"column":9},"end":{"line":50,"column":3}},"type":"if","locations":[{"start":{"line":48,"column":9},"end":{"line":50,"column":3}},{"start":{"line":48,"column":9},"end":{"line":50,"column":3}}],"line":48}},"s":{"0":6,"1":12,"2":6,"3":9,"4":9,"5":12,"6":12,"7":13,"8":9,"9":13,"10":1,"11":12,"12":3,"13":9},"f":{"0":12,"1":9,"2":12,"3":12,"4":13,"5":9},"b":{"0":[12,12],"1":[3,6],"2":[9,5],"3":[9,3],"4":[1,12],"5":[3,9]},"_coverageSchema":"1a1c01bbd47fc00a2c39e90264f33305004495a9","hash":"3442905079456a3308040d1b84655f63dacf307e"}
,"/home/administrateur/OpenClassrooms/projets/P9_billed/src/views/DashboardFormUI.js": {"path":"/home/administrateur/OpenClassrooms/projets/P9_billed/src/views/DashboardFormUI.js","statementMap":{"0":{"start":{"line":7,"column":21},"end":{"line":22,"column":4}},"1":{"start":{"line":7,"column":28},"end":{"line":22,"column":3}},"2":{"start":{"line":26,"column":2},"end":{"line":101,"column":4}}},"fnMap":{"0":{"name":"(anonymous_0)","decl":{"start":{"line":7,"column":21},"end":{"line":7,"column":22}},"loc":{"start":{"line":7,"column":28},"end":{"line":22,"column":3}},"line":7},"1":{"name":"(anonymous_1)","decl":{"start":{"line":24,"column":15},"end":{"line":24,"column":16}},"loc":{"start":{"line":24,"column":25},"end":{"line":102,"column":1}},"line":24}},"branchMap":{"0":{"loc":{"start":{"line":79,"column":9},"end":{"line":89,"column":9}},"type":"cond-expr","locations":[{"start":{"line":79,"column":38},"end":{"line":84,"column":8}},{"start":{"line":84,"column":13},"end":{"line":89,"column":8}}],"line":79},"1":{"loc":{"start":{"line":92,"column":8},"end":{"line":97,"column":13}},"type":"cond-expr","locations":[{"start":{"line":92,"column":37},"end":{"line":97,"column":7}},{"start":{"line":97,"column":11},"end":{"line":97,"column":13}}],"line":92}},"s":{"0":7,"1":9,"2":9},"f":{"0":9,"1":9},"b":{"0":[6,3],"1":[6,3]},"_coverageSchema":"1a1c01bbd47fc00a2c39e90264f33305004495a9","hash":"96a09616d94d877551d5937cd264d6330bb9f3e4"}
,"/home/administrateur/OpenClassrooms/projets/P9_billed/src/views/DashboardUI.js": {"path":"/home/administrateur/OpenClassrooms/projets/P9_billed/src/views/DashboardUI.js","statementMap":{"0":{"start":{"line":10,"column":2},"end":{"line":14,"column":3}},"1":{"start":{"line":11,"column":4},"end":{"line":11,"column":24}},"2":{"start":{"line":12,"column":9},"end":{"line":14,"column":3}},"3":{"start":{"line":13,"column":4},"end":{"line":13,"column":27}},"4":{"start":{"line":16,"column":2},"end":{"line":48,"column":3}}},"fnMap":{"0":{"name":"(anonymous_0)","decl":{"start":{"line":8,"column":15},"end":{"line":8,"column":16}},"loc":{"start":{"line":8,"column":45},"end":{"line":49,"column":1}},"line":8}},"branchMap":{"0":{"loc":{"start":{"line":10,"column":2},"end":{"line":14,"column":3}},"type":"if","locations":[{"start":{"line":10,"column":2},"end":{"line":14,"column":3}},{"start":{"line":10,"column":2},"end":{"line":14,"column":3}}],"line":10},"1":{"loc":{"start":{"line":12,"column":9},"end":{"line":14,"column":3}},"type":"if","locations":[{"start":{"line":12,"column":9},"end":{"line":14,"column":3}},{"start":{"line":12,"column":9},"end":{"line":14,"column":3}}],"line":12},"2":{"loc":{"start":{"line":22,"column":45},"end":{"line":22,"column":63}},"type":"binary-expr","locations":[{"start":{"line":22,"column":45},"end":{"line":22,"column":49}},{"start":{"line":22,"column":53},"end":{"line":22,"column":63}}],"line":22},"3":{"loc":{"start":{"line":29,"column":43},"end":{"line":29,"column":61}},"type":"binary-expr","locations":[{"start":{"line":29,"column":43},"end":{"line":29,"column":47}},{"start":{"line":29,"column":51},"end":{"line":29,"column":61}}],"line":29},"4":{"loc":{"start":{"line":36,"column":43},"end":{"line":36,"column":61}},"type":"binary-expr","locations":[{"start":{"line":36,"column":43},"end":{"line":36,"column":47}},{"start":{"line":36,"column":51},"end":{"line":36,"column":61}}],"line":36}},"s":{"0":11,"1":1,"2":10,"3":3,"4":7},"f":{"0":11},"b":{"0":[1,10],"1":[3,7],"2":[7,2],"3":[7,2],"4":[7,2]},"_coverageSchema":"1a1c01bbd47fc00a2c39e90264f33305004495a9","hash":"b0d226dcbde8c82ff64fdb1ef08f9e0256fe2a5a"}
,"/home/administrateur/OpenClassrooms/projets/P9_billed/src/views/ErrorPage.js": {"path":"/home/administrateur/OpenClassrooms/projets/P9_billed/src/views/ErrorPage.js","statementMap":{"0":{"start":{"line":5,"column":2},"end":{"line":16,"column":3}}},"fnMap":{"0":{"name":"(anonymous_0)","decl":{"start":{"line":3,"column":15},"end":{"line":3,"column":16}},"loc":{"start":{"line":3,"column":26},"end":{"line":17,"column":1}},"line":3}},"branchMap":{"0":{"loc":{"start":{"line":13,"column":12},"end":{"line":13,"column":30}},"type":"cond-expr","locations":[{"start":{"line":13,"column":20},"end":{"line":13,"column":25}},{"start":{"line":13,"column":28},"end":{"line":13,"column":30}}],"line":13}},"s":{"0":8},"f":{"0":8},"b":{"0":[7,1]},"_coverageSchema":"1a1c01bbd47fc00a2c39e90264f33305004495a9","hash":"2e8a1d56c05baedd4b82eab7bba5b31b00e060c1"}
,"/home/administrateur/OpenClassrooms/projets/P9_billed/src/views/LoadingPage.js": {"path":"/home/administrateur/OpenClassrooms/projets/P9_billed/src/views/LoadingPage.js","statementMap":{"0":{"start":{"line":5,"column":2},"end":{"line":12,"column":3}}},"fnMap":{"0":{"name":"(anonymous_0)","decl":{"start":{"line":3,"column":15},"end":{"line":3,"column":16}},"loc":{"start":{"line":3,"column":21},"end":{"line":13,"column":1}},"line":3}},"branchMap":{},"s":{"0":3},"f":{"0":3},"b":{},"_coverageSchema":"1a1c01bbd47fc00a2c39e90264f33305004495a9","hash":"f951608586bfbcbbb16a615422ae44d8a0358cdc"}
,"/home/administrateur/OpenClassrooms/projets/P9_billed/src/views/LoginUI.js": {"path":"/home/administrateur/OpenClassrooms/projets/P9_billed/src/views/LoginUI.js","statementMap":{"0":{"start":{"line":4,"column":2},"end":{"line":46,"column":4}}},"fnMap":{"0":{"name":"(anonymous_0)","decl":{"start":{"line":2,"column":15},"end":{"line":2,"column":16}},"loc":{"start":{"line":2,"column":21},"end":{"line":47,"column":1}},"line":2}},"branchMap":{},"s":{"0":10},"f":{"0":10},"b":{},"_coverageSchema":"1a1c01bbd47fc00a2c39e90264f33305004495a9","hash":"42dceeff0786338b125cce3ccdc73dcae8b86bef"}
,"/home/administrateur/OpenClassrooms/projets/P9_billed/src/views/NewBillUI.js": {"path":"/home/administrateur/OpenClassrooms/projets/P9_billed/src/views/NewBillUI.js","statementMap":{"0":{"start":{"line":5,"column":2},"end":{"line":73,"column":4}}},"fnMap":{"0":{"name":"(anonymous_0)","decl":{"start":{"line":3,"column":15},"end":{"line":3,"column":16}},"loc":{"start":{"line":3,"column":21},"end":{"line":74,"column":1}},"line":3}},"branchMap":{},"s":{"0":5},"f":{"0":5},"b":{},"_coverageSchema":"1a1c01bbd47fc00a2c39e90264f33305004495a9","hash":"2009d34b91981df7679e4c8917148d807a11678d"}
,"/home/administrateur/OpenClassrooms/projets/P9_billed/src/views/VerticalLayout.js": {"path":"/home/administrateur/OpenClassrooms/projets/P9_billed/src/views/VerticalLayout.js","statementMap":{"0":{"start":{"line":7,"column":4},"end":{"line":7,"column":51}},"1":{"start":{"line":8,"column":4},"end":{"line":10,"column":5}},"2":{"start":{"line":9,"column":6},"end":{"line":9,"column":29}},"3":{"start":{"line":11,"column":4},"end":{"line":39,"column":5}},"4":{"start":{"line":12,"column":6},"end":{"line":27,"column":7}},"5":{"start":{"line":29,"column":6},"end":{"line":38,"column":7}}},"fnMap":{"0":{"name":"(anonymous_0)","decl":{"start":{"line":5,"column":15},"end":{"line":5,"column":16}},"loc":{"start":{"line":5,"column":27},"end":{"line":40,"column":1}},"line":5}},"branchMap":{"0":{"loc":{"start":{"line":8,"column":4},"end":{"line":10,"column":5}},"type":"if","locations":[{"start":{"line":8,"column":4},"end":{"line":10,"column":5}},{"start":{"line":8,"column":4},"end":{"line":10,"column":5}}],"line":8},"1":{"loc":{"start":{"line":11,"column":4},"end":{"line":39,"column":5}},"type":"if","locations":[{"start":{"line":11,"column":4},"end":{"line":39,"column":5}},{"start":{"line":11,"column":4},"end":{"line":39,"column":5}}],"line":11},"2":{"loc":{"start":{"line":11,"column":8},"end":{"line":11,"column":40}},"type":"binary-expr","locations":[{"start":{"line":11,"column":8},"end":{"line":11,"column":12}},{"start":{"line":11,"column":16},"end":{"line":11,"column":40}}],"line":11}},"s":{"0":33,"1":33,"2":19,"3":33,"4":1,"5":32},"f":{"0":33},"b":{"0":[19,14],"1":[1,32],"2":[33,19]},"_coverageSchema":"1a1c01bbd47fc00a2c39e90264f33305004495a9","hash":"e1dcefbfc65204286a3d75a7544c42bc384d62c0"}
}
